{"C:\\Users\\kdind\\Documents\\deleteMe\\myBlogApp\\config\\connection.js": {"path":"C:\\Users\\kdind\\Documents\\deleteMe\\myBlogApp\\config\\connection.js","statementMap":{"0":{"start":{"line":1,"column":18},"end":{"line":1,"column":38}},"1":{"start":{"line":2,"column":0},"end":{"line":2,"column":27}},"2":{"start":{"line":6,"column":0},"end":{"line":19,"column":1}},"3":{"start":{"line":7,"column":2},"end":{"line":7,"column":52}},"4":{"start":{"line":9,"column":2},"end":{"line":18,"column":4}},"5":{"start":{"line":21,"column":0},"end":{"line":21,"column":27}}},"fnMap":{},"branchMap":{"0":{"loc":{"start":{"line":6,"column":0},"end":{"line":19,"column":1}},"type":"if","locations":[{"start":{"line":6,"column":0},"end":{"line":19,"column":1}},{"start":{"line":8,"column":7},"end":{"line":19,"column":1}}],"line":6}},"s":{"0":1,"1":1,"2":1,"3":0,"4":1,"5":1},"f":{},"b":{"0":[0,1]},"_coverageSchema":"1a1c01bbd47fc00a2c39e90264f33305004495a9","hash":"48e19972f63cfd861b4dab32ff72c54bb3a91470"}
,"C:\\Users\\kdind\\Documents\\deleteMe\\myBlogApp\\models\\User.js": {"path":"C:\\Users\\kdind\\Documents\\deleteMe\\myBlogApp\\models\\User.js","statementMap":{"0":{"start":{"line":1,"column":27},"end":{"line":1,"column":47}},"1":{"start":{"line":2,"column":18},"end":{"line":2,"column":49}},"2":{"start":{"line":3,"column":15},"end":{"line":3,"column":32}},"3":{"start":{"line":7,"column":0},"end":{"line":33,"column":1}},"4":{"start":{"line":34,"column":0},"end":{"line":37,"column":2}},"5":{"start":{"line":35,"column":27},"end":{"line":35,"column":62}},"6":{"start":{"line":36,"column":4},"end":{"line":36,"column":34}},"7":{"start":{"line":39,"column":0},"end":{"line":41,"column":1}},"8":{"start":{"line":40,"column":4},"end":{"line":40,"column":56}},"9":{"start":{"line":43,"column":0},"end":{"line":43,"column":21}}},"fnMap":{"0":{"name":"(anonymous_0)","decl":{"start":{"line":34,"column":18},"end":{"line":34,"column":19}},"loc":{"start":{"line":34,"column":34},"end":{"line":37,"column":1}},"line":34},"1":{"name":"(anonymous_1)","decl":{"start":{"line":39,"column":32},"end":{"line":39,"column":33}},"loc":{"start":{"line":39,"column":52},"end":{"line":41,"column":1}},"line":39}},"branchMap":{},"s":{"0":1,"1":1,"2":1,"3":1,"4":1,"5":1,"6":1,"7":1,"8":0,"9":1},"f":{"0":1,"1":0},"b":{},"_coverageSchema":"1a1c01bbd47fc00a2c39e90264f33305004495a9","hash":"8f38776d079b2903b0b34e703e0295299c905433"}
}
